<?xml version="1.0" encoding="UTF-8"?>
<!-- Generated by org.testng.reporters.JUnitReportReporter -->
<testsuite skipped="0" hostname="DESKTOP-P6RFS9P" name="parabank.testsuite.RegisterTest" tests="2" failures="0" timestamp="2023-06-27T15:05:44 MST" time="12.872" errors="0">
  <testcase name="userSholdRegisterAccountSuccessfully" time="6.045" classname="parabank.testsuite.RegisterTest"/>
  <system-out>
    <![CDATA[Click on Register LinkBy.linkText: Register<br>
Enter FristNameAnish
Enter Last Namepatel
Enter AddressStreet123phx
Enter addressCityPhoenix
Enter addressStateAZ
Enter addressZipcode85035
Enter phoneNumber123456789
Enter ssn12345678
Enter Usernameab13345
Enter passwordab133
Enter confirmPasswordab133]]>
  </system-out>
  <testcase name="verifyThatSigningUpPageDisplay" time="6.827" classname="parabank.testsuite.RegisterTest"/>
  <system-out>
    <![CDATA[Click on Register LinkBy.linkText: Register<br>]]>
  </system-out>
</testsuite> <!-- parabank.testsuite.RegisterTest -->
