<?xml version="1.0" encoding="UTF-8"?>
<!-- Generated by org.testng.reporters.JUnitReportReporter -->
<testsuite skipped="0" hostname="DESKTOP-P6RFS9P" name="parabank.testsuite.LoginTest" tests="3" failures="0" timestamp="2023-06-27T15:05:44 MST" time="16.378" errors="0">
  <testcase name="userShouldLoginSuccessfullyWithValidCredentials" time="4.722" classname="parabank.testsuite.LoginTest"/>
  <system-out/>
  <testcase name="userShouldLogOutSuccessfully" time="6.459" classname="parabank.testsuite.LoginTest"/>
  <system-out/>
  <testcase name="verifyTheErrorMessage" time="5.197" classname="parabank.testsuite.LoginTest"/>
  <system-out/>
</testsuite> <!-- parabank.testsuite.LoginTest -->
